<?xml version="1.0" encoding="UTF-8"?>
<testsuite xmlns:xsi="http://www.w3.org/2001/XMLSchema-instance" xsi:noNamespaceSchemaLocation="https://maven.apache.org/surefire/maven-surefire-plugin/xsd/surefire-test-report.xsd" name="com.amazonaws.services.lambda.runtime.api.client.util.EnvWriterTest" time="0.024" tests="5" errors="5" skipped="0" failures="0">
  <properties>
    <property name="java.specification.version" value="18"/>
    <property name="sun.jnu.encoding" value="UTF-8"/>
    <property name="java.class.path" value="/Users/printfn/Code/aws-lambda-java-libs/aws-lambda-java-runtime-interface-client/target/test-classes:/Users/printfn/Code/aws-lambda-java-libs/aws-lambda-java-runtime-interface-client/target/classes:/Users/printfn/.m2/repository/com/amazonaws/aws-lambda-java-core/1.2.1/aws-lambda-java-core-1.2.1.jar:/Users/printfn/.m2/repository/com/amazonaws/aws-lambda-java-serialization/1.0.0/aws-lambda-java-serialization-1.0.0.jar:/Users/printfn/.m2/repository/org/junit/jupiter/junit-jupiter-engine/5.7.0/junit-jupiter-engine-5.7.0.jar:/Users/printfn/.m2/repository/org/apiguardian/apiguardian-api/1.1.0/apiguardian-api-1.1.0.jar:/Users/printfn/.m2/repository/org/junit/platform/junit-platform-engine/1.7.0/junit-platform-engine-1.7.0.jar:/Users/printfn/.m2/repository/org/junit/jupiter/junit-jupiter-api/5.7.0/junit-jupiter-api-5.7.0.jar:/Users/printfn/.m2/repository/org/opentest4j/opentest4j/1.2.0/opentest4j-1.2.0.jar:/Users/printfn/.m2/repository/org/junit/platform/junit-platform-commons/1.7.0/junit-platform-commons-1.7.0.jar:"/>
    <property name="java.vm.vendor" value="Homebrew"/>
    <property name="sun.arch.data.model" value="64"/>
    <property name="java.vendor.url" value="https://github.com/Homebrew/homebrew-core/issues"/>
    <property name="os.name" value="Mac OS X"/>
    <property name="java.vm.specification.version" value="18"/>
    <property name="sun.java.launcher" value="SUN_STANDARD"/>
    <property name="user.country" value="US"/>
    <property name="sun.boot.library.path" value="/usr/local/Cellar/openjdk/18/libexec/openjdk.jdk/Contents/Home/lib"/>
    <property name="sun.java.command" value="/Users/printfn/Code/aws-lambda-java-libs/aws-lambda-java-runtime-interface-client/target/surefire/surefirebooter2122598193960999310.jar /Users/printfn/Code/aws-lambda-java-libs/aws-lambda-java-runtime-interface-client/target/surefire 2022-04-05T09-09-34_960-jvmRun1 surefire12010108989015875458tmp surefire_03737557229309877969tmp"/>
    <property name="http.nonProxyHosts" value="local|*.local|169.254/16|*.169.254/16"/>
    <property name="jdk.debug" value="release"/>
    <property name="surefire.test.class.path" value="/Users/printfn/Code/aws-lambda-java-libs/aws-lambda-java-runtime-interface-client/target/test-classes:/Users/printfn/Code/aws-lambda-java-libs/aws-lambda-java-runtime-interface-client/target/classes:/Users/printfn/.m2/repository/com/amazonaws/aws-lambda-java-core/1.2.1/aws-lambda-java-core-1.2.1.jar:/Users/printfn/.m2/repository/com/amazonaws/aws-lambda-java-serialization/1.0.0/aws-lambda-java-serialization-1.0.0.jar:/Users/printfn/.m2/repository/org/junit/jupiter/junit-jupiter-engine/5.7.0/junit-jupiter-engine-5.7.0.jar:/Users/printfn/.m2/repository/org/apiguardian/apiguardian-api/1.1.0/apiguardian-api-1.1.0.jar:/Users/printfn/.m2/repository/org/junit/platform/junit-platform-engine/1.7.0/junit-platform-engine-1.7.0.jar:/Users/printfn/.m2/repository/org/junit/jupiter/junit-jupiter-api/5.7.0/junit-jupiter-api-5.7.0.jar:/Users/printfn/.m2/repository/org/opentest4j/opentest4j/1.2.0/opentest4j-1.2.0.jar:/Users/printfn/.m2/repository/org/junit/platform/junit-platform-commons/1.7.0/junit-platform-commons-1.7.0.jar:"/>
    <property name="sun.cpu.endian" value="little"/>
    <property name="user.home" value="/Users/printfn"/>
    <property name="user.language" value="en"/>
    <property name="java.specification.vendor" value="Oracle Corporation"/>
    <property name="java.version.date" value="2022-03-22"/>
    <property name="java.home" value="/usr/local/Cellar/openjdk/18/libexec/openjdk.jdk/Contents/Home"/>
    <property name="file.separator" value="/"/>
    <property name="basedir" value="/Users/printfn/Code/aws-lambda-java-libs/aws-lambda-java-runtime-interface-client"/>
    <property name="java.vm.compressedOopsMode" value="Zero based"/>
    <property name="line.separator" value="&#10;"/>
    <property name="java.vm.specification.vendor" value="Oracle Corporation"/>
    <property name="java.specification.name" value="Java Platform API Specification"/>
    <property name="apple.awt.application.name" value="ForkedBooter"/>
    <property name="surefire.real.class.path" value="/Users/printfn/Code/aws-lambda-java-libs/aws-lambda-java-runtime-interface-client/target/surefire/surefirebooter2122598193960999310.jar"/>
    <property name="sun.management.compiler" value="HotSpot 64-Bit Tiered Compilers"/>
    <property name="ftp.nonProxyHosts" value="local|*.local|169.254/16|*.169.254/16"/>
    <property name="java.runtime.version" value="18+0"/>
    <property name="user.name" value="printfn"/>
    <property name="path.separator" value=":"/>
    <property name="os.version" value="12.3.1"/>
    <property name="java.runtime.name" value="OpenJDK Runtime Environment"/>
    <property name="file.encoding" value="UTF-8"/>
    <property name="java.vm.name" value="OpenJDK 64-Bit Server VM"/>
    <property name="java.vendor.version" value="Homebrew"/>
    <property name="localRepository" value="/Users/printfn/.m2/repository"/>
    <property name="java.vendor.url.bug" value="https://github.com/Homebrew/homebrew-core/issues"/>
    <property name="java.io.tmpdir" value="/var/folders/sy/j5tr57655g91_l6rkw_2bvkc0000gn/T/"/>
    <property name="java.version" value="18"/>
    <property name="user.dir" value="/Users/printfn/Code/aws-lambda-java-libs/aws-lambda-java-runtime-interface-client"/>
    <property name="os.arch" value="x86_64"/>
    <property name="java.vm.specification.name" value="Java Virtual Machine Specification"/>
    <property name="native.encoding" value="UTF-8"/>
    <property name="java.library.path" value="/Users/printfn/Library/Java/Extensions:/Library/Java/Extensions:/Network/Library/Java/Extensions:/System/Library/Java/Extensions:/usr/lib/java:."/>
    <property name="java.vm.info" value="mixed mode, sharing"/>
    <property name="java.vendor" value="Homebrew"/>
    <property name="java.vm.version" value="18+0"/>
    <property name="sun.io.unicode.encoding" value="UnicodeBig"/>
    <property name="socksNonProxyHosts" value="local|*.local|169.254/16|*.169.254/16"/>
    <property name="java.class.version" value="62.0"/>
  </properties>
  <testcase name="shouldSetTheAwsExecutionEnvVar_Java11" classname="com.amazonaws.services.lambda.runtime.api.client.util.EnvWriterTest" time="0.014">
    <error message="java.lang.reflect.InaccessibleObjectException: Unable to make field private final java.util.Map java.util.Collections$UnmodifiableMap.m accessible: module java.base does not &quot;opens java.util&quot; to unnamed module @5d099f62" type="java.lang.RuntimeException">java.lang.RuntimeException: java.lang.reflect.InaccessibleObjectException: Unable to make field private final java.util.Map java.util.Collections$UnmodifiableMap.m accessible: module java.base does not "opens java.util" to unnamed module @5d099f62
	at com.amazonaws.services.lambda.runtime.api.client.util.EnvWriterTest.shouldSetTheAwsExecutionEnvVar_Java11(EnvWriterTest.java:77)
Caused by: java.lang.reflect.InaccessibleObjectException: Unable to make field private final java.util.Map java.util.Collections$UnmodifiableMap.m accessible: module java.base does not "opens java.util" to unnamed module @5d099f62
	at com.amazonaws.services.lambda.runtime.api.client.util.EnvWriterTest.shouldSetTheAwsExecutionEnvVar_Java11(EnvWriterTest.java:77)
</error>
  </testcase>
  <testcase name="shouldSetupEnvironmentCredentialsWhenTheyAreNotEmpty" classname="com.amazonaws.services.lambda.runtime.api.client.util.EnvWriterTest" time="0.002">
    <error message="java.lang.reflect.InaccessibleObjectException: Unable to make field private final java.util.Map java.util.Collections$UnmodifiableMap.m accessible: module java.base does not &quot;opens java.util&quot; to unnamed module @5d099f62" type="java.lang.RuntimeException">java.lang.RuntimeException: java.lang.reflect.InaccessibleObjectException: Unable to make field private final java.util.Map java.util.Collections$UnmodifiableMap.m accessible: module java.base does not "opens java.util" to unnamed module @5d099f62
	at com.amazonaws.services.lambda.runtime.api.client.util.EnvWriterTest.setEnv(EnvWriterTest.java:96)
	at com.amazonaws.services.lambda.runtime.api.client.util.EnvWriterTest.shouldSetupEnvironmentCredentialsWhenTheyAreNotEmpty(EnvWriterTest.java:51)
Caused by: java.lang.reflect.InaccessibleObjectException: Unable to make field private final java.util.Map java.util.Collections$UnmodifiableMap.m accessible: module java.base does not "opens java.util" to unnamed module @5d099f62
	at com.amazonaws.services.lambda.runtime.api.client.util.EnvWriterTest.setEnv(EnvWriterTest.java:96)
	at com.amazonaws.services.lambda.runtime.api.client.util.EnvWriterTest.shouldSetupEnvironmentCredentialsWhenTheyAreNotEmpty(EnvWriterTest.java:51)
</error>
  </testcase>
  <testcase name="shouldRemoveEnvironmentCredentialsWhenTheyAreEmpty" classname="com.amazonaws.services.lambda.runtime.api.client.util.EnvWriterTest" time="0.001">
    <error message="java.lang.reflect.InaccessibleObjectException: Unable to make field private final java.util.Map java.util.Collections$UnmodifiableMap.m accessible: module java.base does not &quot;opens java.util&quot; to unnamed module @5d099f62" type="java.lang.RuntimeException">java.lang.RuntimeException: java.lang.reflect.InaccessibleObjectException: Unable to make field private final java.util.Map java.util.Collections$UnmodifiableMap.m accessible: module java.base does not "opens java.util" to unnamed module @5d099f62
	at com.amazonaws.services.lambda.runtime.api.client.util.EnvWriterTest.setEnv(EnvWriterTest.java:96)
	at com.amazonaws.services.lambda.runtime.api.client.util.EnvWriterTest.shouldRemoveEnvironmentCredentialsWhenTheyAreEmpty(EnvWriterTest.java:40)
Caused by: java.lang.reflect.InaccessibleObjectException: Unable to make field private final java.util.Map java.util.Collections$UnmodifiableMap.m accessible: module java.base does not "opens java.util" to unnamed module @5d099f62
	at com.amazonaws.services.lambda.runtime.api.client.util.EnvWriterTest.setEnv(EnvWriterTest.java:96)
	at com.amazonaws.services.lambda.runtime.api.client.util.EnvWriterTest.shouldRemoveEnvironmentCredentialsWhenTheyAreEmpty(EnvWriterTest.java:40)
</error>
  </testcase>
  <testcase name="shouldModifyEnv" classname="com.amazonaws.services.lambda.runtime.api.client.util.EnvWriterTest" time="0.004">
    <error message="java.lang.reflect.InaccessibleObjectException: Unable to make field private final java.util.Map java.util.Collections$UnmodifiableMap.m accessible: module java.base does not &quot;opens java.util&quot; to unnamed module @5d099f62" type="java.lang.RuntimeException">java.lang.RuntimeException: java.lang.reflect.InaccessibleObjectException: Unable to make field private final java.util.Map java.util.Collections$UnmodifiableMap.m accessible: module java.base does not "opens java.util" to unnamed module @5d099f62
	at com.amazonaws.services.lambda.runtime.api.client.util.EnvWriterTest.setEnv(EnvWriterTest.java:96)
	at com.amazonaws.services.lambda.runtime.api.client.util.EnvWriterTest.shouldModifyEnv(EnvWriterTest.java:31)
Caused by: java.lang.reflect.InaccessibleObjectException: Unable to make field private final java.util.Map java.util.Collections$UnmodifiableMap.m accessible: module java.base does not "opens java.util" to unnamed module @5d099f62
	at com.amazonaws.services.lambda.runtime.api.client.util.EnvWriterTest.setEnv(EnvWriterTest.java:96)
	at com.amazonaws.services.lambda.runtime.api.client.util.EnvWriterTest.shouldModifyEnv(EnvWriterTest.java:31)
</error>
  </testcase>
  <testcase name="shouldSetTheAwsExecutionEnvVar_Java8" classname="com.amazonaws.services.lambda.runtime.api.client.util.EnvWriterTest" time="0.002">
    <error message="java.lang.reflect.InaccessibleObjectException: Unable to make field private final java.util.Map java.util.Collections$UnmodifiableMap.m accessible: module java.base does not &quot;opens java.util&quot; to unnamed module @5d099f62" type="java.lang.RuntimeException">java.lang.RuntimeException: java.lang.reflect.InaccessibleObjectException: Unable to make field private final java.util.Map java.util.Collections$UnmodifiableMap.m accessible: module java.base does not "opens java.util" to unnamed module @5d099f62
	at com.amazonaws.services.lambda.runtime.api.client.util.EnvWriterTest.shouldSetTheAwsExecutionEnvVar_Java8(EnvWriterTest.java:63)
Caused by: java.lang.reflect.InaccessibleObjectException: Unable to make field private final java.util.Map java.util.Collections$UnmodifiableMap.m accessible: module java.base does not "opens java.util" to unnamed module @5d099f62
	at com.amazonaws.services.lambda.runtime.api.client.util.EnvWriterTest.shouldSetTheAwsExecutionEnvVar_Java8(EnvWriterTest.java:63)
</error>
  </testcase>
</testsuite>